09:39:11.932  1096 DEBUG fr.sparna.rdf.xls2rdf.app.Convert - Will use output format : text/turtle
09:39:11.936  1100 DEBUG fr.sparna.rdf.xls2rdf.app.Convert - Will use ModelWriter : fr.sparna.rdf.xls2rdf.OutputStreamModelWriter
09:39:12.910  2074 DEBUG f.s.rdf.xls2rdf.Xls2RdfConverter - Processing sheet: Sheet1
09:39:12.921  2085 INFO  f.sparna.rdf.xls2rdf.RdfizableSheet - Found proper property in header : http://purl.org/test2/variables/
09:39:12.928  2092 INFO  f.sparna.rdf.xls2rdf.RdfizableSheet - Found proper property in header : http://www.w3.org/2004/02/skos/core#
09:39:12.932  2096 INFO  f.sparna.rdf.xls2rdf.RdfizableSheet - Found proper property in header : http://purl.org/pav/
09:39:12.934  2098 INFO  f.sparna.rdf.xls2rdf.RdfizableSheet - Found proper property in header : http://purl.org/dc/terms/
09:39:12.936  2100 INFO  f.sparna.rdf.xls2rdf.RdfizableSheet - Found proper property in header : http://qudt.org/schema/qudt/
09:39:12.939  2103 INFO  f.sparna.rdf.xls2rdf.RdfizableSheet - Found proper property in header : http://qudt.org/vocab/unit/
09:39:12.954  2118 ERROR f.s.rdf.xls2rdf.ColumnHeaderParser - Unsuccessfull parsing of header parameters for header 'Date when vocabulary was initially created (follow https://en.wikipedia.org/wiki/ISO_8601)', Exception is java.lang.ArrayIndexOutOfBoundsException : Index 1 out of bounds for length 1
09:39:12.959  2123 INFO  f.sparna.rdf.xls2rdf.RdfizableSheet - Found proper property in header : http://www.w3.org/2004/02/skos/core#prefLabel
09:39:12.960  2124 INFO  f.sparna.rdf.xls2rdf.RdfizableSheet - Found proper property in header : http://qudt.org/schema/qudt/unit
09:39:12.960  2124 INFO  f.sparna.rdf.xls2rdf.RdfizableSheet - Found proper property in header : http://www.w3.org/2004/02/skos/core#altLabel
09:39:12.961  2125 INFO  f.sparna.rdf.xls2rdf.RdfizableSheet - Found proper property in header : http://www.w3.org/2004/02/skos/core#definition
09:39:12.962  2126 INFO  f.sparna.rdf.xls2rdf.RdfizableSheet - Found proper property in header : http://purl.org/dc/terms/source
09:39:12.963  2127 INFO  f.sparna.rdf.xls2rdf.RdfizableSheet - Found proper property in header : http://www.w3.org/2004/02/skos/core#broader
09:39:12.964  2128 INFO  f.sparna.rdf.xls2rdf.RdfizableSheet - Found proper property in header : http://www.w3.org/2004/02/skos/core#exactMatch
09:39:12.965  2129 INFO  f.sparna.rdf.xls2rdf.RdfizableSheet - Found proper property in header : http://www.w3.org/2004/02/skos/core#closeMatch
09:39:12.966  2130 INFO  f.sparna.rdf.xls2rdf.RdfizableSheet - Found proper property in header : http://www.w3.org/2004/02/skos/core#editorialNote
09:39:12.967  2131 INFO  f.sparna.rdf.xls2rdf.RdfizableSheet - Found at least 2 headers with proper property declaration in the first 10 columns, title row is at index 19
09:39:12.969  2133 DEBUG f.s.rdf.xls2rdf.Xls2RdfConverter - Found title row at index 19
09:39:12.973  2137 DEBUG f.s.rdf.xls2rdf.Xls2RdfConverter - Adding value on header object "Test2 vocabulary" with lang en
09:39:12.977  2141 DEBUG f.s.rdf.xls2rdf.Xls2RdfConverter - Adding value on header object "Test for showcase purposes" with lang en
09:39:12.978  2142 DEBUG f.s.rdf.xls2rdf.Xls2RdfConverter - Adding value on header object "Hannah" with lang en
09:39:12.979  2143 DEBUG f.s.rdf.xls2rdf.Xls2RdfConverter - Adding value on header object "Minka" with lang en
09:39:12.981  2145 DEBUG f.s.rdf.xls2rdf.Xls2RdfConverter - Adding value on header object "Diba" with lang en
09:39:12.983  2147 ERROR f.s.rdf.xls2rdf.ColumnHeaderParser - Unsuccessfull parsing of header parameters for header 'Definition of terms (optionally properties)', Exception is java.lang.ArrayIndexOutOfBoundsException : Index 1 out of bounds for length 1
09:39:12.985  2149 DEBUG f.s.rdf.xls2rdf.Xls2RdfConverter - Converting data with these column headers: 
09:39:12.986  2150 DEBUG f.s.rdf.xls2rdf.Xls2RdfConverter - ColumnHeader [originalValue=Identifier, language=Optional.empty, datatype=Optional.empty, property=null, declaredProperty=Identifier, inverse=false, parameters={}, id=null, reconcileOn=null, headerCell=Identifier]
09:39:12.995  2159 DEBUG f.s.rdf.xls2rdf.Xls2RdfConverter - ColumnHeader [originalValue=skos:prefLabel@en, language=Optional[en], datatype=Optional.empty, property=http://www.w3.org/2004/02/skos/core#prefLabel, declaredProperty=skos:prefLabel, inverse=false, parameters={}, id=null, reconcileOn=null, headerCell=skos:prefLabel@en]
09:39:12.995  2159 DEBUG f.s.rdf.xls2rdf.Xls2RdfConverter - ColumnHeader [originalValue=qudt:unit(separator=","), language=Optional.empty, datatype=Optional.empty, property=http://qudt.org/schema/qudt/unit, declaredProperty=qudt:unit, inverse=false, parameters={separator=,}, id=null, reconcileOn=null, headerCell=qudt:unit(separator=",")]
09:39:12.995  2159 DEBUG f.s.rdf.xls2rdf.Xls2RdfConverter - ColumnHeader [originalValue=skos:altLabel(separator=";"), language=Optional.empty, datatype=Optional.empty, property=http://www.w3.org/2004/02/skos/core#altLabel, declaredProperty=skos:altLabel, inverse=false, parameters={separator=;}, id=null, reconcileOn=null, headerCell=skos:altLabel(separator=";")]
09:39:12.995  2159 DEBUG f.s.rdf.xls2rdf.Xls2RdfConverter - ColumnHeader [originalValue=skos:definition@en, language=Optional[en], datatype=Optional.empty, property=http://www.w3.org/2004/02/skos/core#definition, declaredProperty=skos:definition, inverse=false, parameters={}, id=null, reconcileOn=null, headerCell=skos:definition@en]
09:39:12.995  2159 DEBUG f.s.rdf.xls2rdf.Xls2RdfConverter - ColumnHeader [originalValue=dct:source(separator=","), language=Optional.empty, datatype=Optional.empty, property=http://purl.org/dc/terms/source, declaredProperty=dct:source, inverse=false, parameters={separator=,}, id=null, reconcileOn=null, headerCell=dct:source(separator=",")]
09:39:12.996  2160 DEBUG f.s.rdf.xls2rdf.Xls2RdfConverter - ColumnHeader [originalValue=skos:broader(separator=","), language=Optional.empty, datatype=Optional.empty, property=http://www.w3.org/2004/02/skos/core#broader, declaredProperty=skos:broader, inverse=false, parameters={separator=,}, id=null, reconcileOn=null, headerCell=skos:broader(separator=",")]
09:39:12.996  2160 DEBUG f.s.rdf.xls2rdf.Xls2RdfConverter - ColumnHeader [originalValue=skos:exactMatch(separator=","), language=Optional.empty, datatype=Optional.empty, property=http://www.w3.org/2004/02/skos/core#exactMatch, declaredProperty=skos:exactMatch, inverse=false, parameters={separator=,}, id=null, reconcileOn=null, headerCell=skos:exactMatch(separator=",")]
09:39:12.996  2160 DEBUG f.s.rdf.xls2rdf.Xls2RdfConverter - ColumnHeader [originalValue=skos:closeMatch(separator=","), language=Optional.empty, datatype=Optional.empty, property=http://www.w3.org/2004/02/skos/core#closeMatch, declaredProperty=skos:closeMatch, inverse=false, parameters={separator=,}, id=null, reconcileOn=null, headerCell=skos:closeMatch(separator=",")]
09:39:12.996  2160 DEBUG f.s.rdf.xls2rdf.Xls2RdfConverter - ColumnHeader [originalValue=skos:editorialNote@en, language=Optional[en], datatype=Optional.empty, property=http://www.w3.org/2004/02/skos/core#editorialNote, declaredProperty=skos:editorialNote, inverse=false, parameters={}, id=null, reconcileOn=null, headerCell=skos:editorialNote@en]
09:39:12.996  2160 DEBUG f.s.rdf.xls2rdf.Xls2RdfConverter - ColumnHeader [originalValue=dct:creator(separator=","), language=Optional.empty, datatype=Optional.empty, property=http://purl.org/dc/terms/creator, declaredProperty=dct:creator, inverse=false, parameters={separator=,}, id=null, reconcileOn=null, headerCell=dct:creator(separator=",")]
09:39:12.996  2160 DEBUG f.s.rdf.xls2rdf.Xls2RdfConverter - ColumnHeader [originalValue=dct:contributor(separator=","), language=Optional.empty, datatype=Optional.empty, property=http://purl.org/dc/terms/contributor, declaredProperty=dct:contributor, inverse=false, parameters={separator=,}, id=null, reconcileOn=null, headerCell=dct:contributor(separator=",")]
09:39:12.996  2160 INFO  f.s.rdf.xls2rdf.Xls2RdfConverter - Converting rows...
09:39:13.064  2228 INFO  f.s.rdf.xls2rdf.Xls2RdfConverter - Applying SKOS post-processings on the result
09:39:13.064  2228 DEBUG f.s.rdf.xls2rdf.SkosPostProcessor - Postprocessing : SkosPostProcessor
09:39:13.065  2229 DEBUG f.s.rdf.xls2rdf.SkosPostProcessor - Considering main resource like a ConceptScheme.
09:39:13.078  2242 DEBUG f.s.rdf.xls2rdf.SkosPostProcessor - Adding inverse skos:broader and skos:narrower
09:39:13.080  2244 DEBUG f.s.rdf.xls2rdf.SkosPostProcessor - Adding skos:inScheme
09:39:13.081  2245 DEBUG f.s.rdf.xls2rdf.SkosPostProcessor - Setting rdf:type skos:ConceptScheme to main resource
09:39:13.081  2245 DEBUG f.s.rdf.xls2rdf.SkosPostProcessor - Adding skos:hasTopConcept / skos:topConceptOf
09:39:13.083  2247 DEBUG f.s.rdf.xls2rdf.Xls2RdfConverter - Saving graph of 29 statements generated from Sheet Sheet1
